<?xml version="1.0" encoding="UTF-8"?>
<robot generator="Robot 3.1.2 (Python 3.6.8 on win32)" generated="20200326 22:01:12.599" rpa="false">
<suite id="s1" name="157" source="C:\Users\qpjg1605\Documents\FL\ShipmentTracker\157.robot">
<test id="s1-t1" name="Test title">
<kw name="Evaluate" library="BuiltIn">
<doc>Evaluates the given expression in Python and returns the results.</doc>
<arguments>
<arg>sys.modules['selenium.webdriver'].ChromeOptions()</arg>
<arg>sys, selenium.webdriver</arg>
</arguments>
<assign>
<var>${chrome_options}</var>
</assign>
<msg timestamp="20200326 22:01:15.651" level="INFO">${chrome_options} = &lt;selenium.webdriver.chrome.options.Options object at 0x0000016D39268EB8&gt;</msg>
<status status="PASS" starttime="20200326 22:01:15.649" endtime="20200326 22:01:15.652"></status>
</kw>
<kw name="Call Method" library="BuiltIn">
<doc>Calls the named method of the given object with the provided arguments.</doc>
<arguments>
<arg>${chrome_options}</arg>
<arg>add_argument</arg>
<arg>--disable-extensions</arg>
</arguments>
<status status="PASS" starttime="20200326 22:01:15.653" endtime="20200326 22:01:15.655"></status>
</kw>
<kw name="Call Method" library="BuiltIn">
<doc>Calls the named method of the given object with the provided arguments.</doc>
<arguments>
<arg>${chrome_options}</arg>
<arg>add_argument</arg>
<arg>--headless</arg>
</arguments>
<status status="PASS" starttime="20200326 22:01:15.656" endtime="20200326 22:01:15.657"></status>
</kw>
<kw name="Call Method" library="BuiltIn">
<doc>Calls the named method of the given object with the provided arguments.</doc>
<arguments>
<arg>${chrome_options}</arg>
<arg>add_argument</arg>
<arg>--disable-gpu</arg>
</arguments>
<status status="PASS" starttime="20200326 22:01:15.658" endtime="20200326 22:01:15.659"></status>
</kw>
<kw name="Call Method" library="BuiltIn">
<doc>Calls the named method of the given object with the provided arguments.</doc>
<arguments>
<arg>${chrome_options}</arg>
<arg>add_argument</arg>
<arg>--no-sandbox</arg>
</arguments>
<status status="PASS" starttime="20200326 22:01:15.661" endtime="20200326 22:01:15.663"></status>
</kw>
<kw name="Call Method" library="BuiltIn">
<doc>Calls the named method of the given object with the provided arguments.</doc>
<arguments>
<arg>${chrome_options}</arg>
<arg>add_argument</arg>
<arg>--ignore-certificate-errors</arg>
</arguments>
<status status="PASS" starttime="20200326 22:01:15.664" endtime="20200326 22:01:15.665"></status>
</kw>
<kw name="Create Webdriver" library="Selenium2Library">
<doc>Creates an instance of Selenium WebDriver.</doc>
<arguments>
<arg>Chrome</arg>
<arg>chrome_options=${chrome_options}</arg>
</arguments>
<msg timestamp="20200326 22:01:15.668" level="INFO">Creating an instance of the Chrome WebDriver.</msg>
<status status="PASS" starttime="20200326 22:01:15.667" endtime="20200326 22:01:18.053"></status>
</kw>
<kw name="Go To" library="Selenium2Library">
<doc>Navigates the active browser instance to the provided ``url``.</doc>
<arguments>
<arg>https://www.track-trace.com/aircargo</arg>
</arguments>
<msg timestamp="20200326 22:01:18.054" level="INFO">Opening url 'https://www.track-trace.com/aircargo'</msg>
<status status="PASS" starttime="20200326 22:01:18.054" endtime="20200326 22:01:25.447"></status>
</kw>
<kw name="Maximize Browser Window" library="Selenium2Library">
<doc>Maximizes current browser window.</doc>
<status status="PASS" starttime="20200326 22:01:25.461" endtime="20200326 22:01:25.617"></status>
</kw>
<kw name="Sleep" library="BuiltIn">
<doc>Pauses the test executed for the given time.</doc>
<arguments>
<arg>4s</arg>
</arguments>
<msg timestamp="20200326 22:01:29.620" level="INFO">Slept 4 seconds</msg>
<status status="PASS" starttime="20200326 22:01:25.618" endtime="20200326 22:01:29.620"></status>
</kw>
<kw name="Click Button" library="Selenium2Library">
<doc>Clicks button identified by ``locator``.</doc>
<arguments>
<arg>//button[@class='tingle-btn tingle-btn--primary']</arg>
</arguments>
<msg timestamp="20200326 22:01:29.621" level="INFO">Clicking button '//button[@class='tingle-btn tingle-btn--primary']'.</msg>
<status status="PASS" starttime="20200326 22:01:29.621" endtime="20200326 22:01:29.760"></status>
</kw>
<kw name="Input Text" library="Selenium2Library">
<doc>Types the given ``text`` into text field identified by ``locator``.</doc>
<arguments>
<arg>//input[@id='number']</arg>
<arg>${shipment_id}</arg>
</arguments>
<msg timestamp="20200326 22:01:29.763" level="INFO">Typing text '15724645025' into text field '//input[@id='number']'.</msg>
<status status="PASS" starttime="20200326 22:01:29.762" endtime="20200326 22:01:29.989"></status>
</kw>
<kw name="Click Button" library="Selenium2Library">
<doc>Clicks button identified by ``locator``.</doc>
<arguments>
<arg>//div[@id='vue-multi-form']//div[3]//input[1]</arg>
</arguments>
<msg timestamp="20200326 22:01:29.990" level="INFO">Clicking button '//div[@id='vue-multi-form']//div[3]//input[1]'.</msg>
<status status="PASS" starttime="20200326 22:01:29.990" endtime="20200326 22:01:30.152"></status>
</kw>
<kw name="Wait Until Element Is Visible" library="Selenium2Library">
<doc>Waits until element ``locator`` is visible.</doc>
<arguments>
<arg>//a[contains(text(),'Click here to see details')]</arg>
<arg>timeout=30s</arg>
</arguments>
<kw name="Capture Page Screenshot" library="Selenium2Library">
<doc>Takes screenshot of the current page and embeds it into log file.</doc>
<status status="FAIL" starttime="20200326 22:02:29.187" endtime="20200326 22:02:29.189"></status>
</kw>
<msg timestamp="20200326 22:02:29.189" level="WARN">Keyword 'Capture Page Screenshot' could not be run on failure: Execution terminated by signal</msg>
<status status="FAIL" starttime="20200326 22:01:30.154" endtime="20200326 22:02:29.190"></status>
</kw>
<tags>
<tag>DEBUG</tag>
</tags>
<status status="FAIL" starttime="20200326 22:01:15.642" endtime="20200326 22:02:29.192" critical="yes">Execution terminated by signal</status>
</test>
<doc>Suite description</doc>
<status status="FAIL" starttime="20200326 22:01:12.610" endtime="20200326 22:02:29.197"></status>
</suite>
<statistics>
<total>
<stat pass="0" fail="1">Critical Tests</stat>
<stat pass="0" fail="1">All Tests</stat>
</total>
<tag>
<stat pass="0" fail="1">DEBUG</stat>
</tag>
<suite>
<stat pass="0" fail="1" id="s1" name="157">157</stat>
</suite>
</statistics>
<errors>
<msg timestamp="20200326 22:01:15.634" level="ERROR">Error in file 'C:\Users\qpjg1605\Documents\FL\ShipmentTracker\157.robot': Initializing test library 'MYSQlWrapper' with no arguments failed: DatabaseError: 2003 (HY000): Can't connect to MySQL server on 'localhost' (10061)
Traceback (most recent call last):
  File "C:\Users\qpjg1605\Documents\FL\ShipmentTracker\MYSQlWrapper.py", line 14, in __init__
    password=db_details["psswd"])
  File "c:\users\qpjg1605\appdata\local\programs\python\python36\lib\site-packages\mysql\connector\__init__.py", line 172, in connect
    return CMySQLConnection(*args, **kwargs)
  File "c:\users\qpjg1605\appdata\local\programs\python\python36\lib\site-packages\mysql\connector\connection_cext.py", line 78, in __init__
    self.connect(**kwargs)
  File "c:\users\qpjg1605\appdata\local\programs\python\python36\lib\site-packages\mysql\connector\abstracts.py", line 735, in connect
    self._open_connection()
  File "c:\users\qpjg1605\appdata\local\programs\python\python36\lib\site-packages\mysql\connector\connection_cext.py", line 182, in _open_connection
    sqlstate=exc.sqlstate)</msg>
<msg timestamp="20200326 22:02:29.189" level="WARN">Keyword 'Capture Page Screenshot' could not be run on failure: Execution terminated by signal</msg>
</errors>
</robot>
